
Currently Loaded Modules:
  1) miniconda/23                   10) ncurses/6.5-GCCcore-13.3.0
  2) 2025                           11) libiconv/1.17-GCCcore-13.3.0
  3) GCCcore/13.3.0                 12) gettext/0.22.5-GCCcore-13.3.0
  4) zlib/1.3.1-GCCcore-13.3.0      13) Perl/5.38.2-GCCcore-13.3.0
  5) OpenSSL/3                      14) git/2.45.1-GCCcore-13.3.0
  6) cURL/8.7.1-GCCcore-13.3.0      15) shared
  7) expat/2.6.2-GCCcore-13.3.0     16) slurm/dummy
  8) XZ/5.4.5-GCCcore-13.3.0        17) ams/2021.102-zen
  9) libxml2/2.12.7-GCCcore-13.3.0

 

Activating PyFrag virtual environment: /net/sys/pscst001/export/tc/sle337/bin/PyFrag/.venv
Virtual environment activated successfully
Python executable: /net/sys/pscst001/export/tc/sle337/bin/PyFrag/.venv/bin/python
Python version: Python 3.11.9
Executing: python /net/sys/pscst001/export/tc/sle337/bin/PyFrag/src/pyfrag/cluster_runner.py --backend adf_new --job-dir /scistor/tc/sle337/bin/PyFrag/example/PyFrag2025/Methane --input-file new_ams_methane.in --name methane --coordfile methane.xyz --frag1_indices 1-4 --frag2_indices 5 --frag1_energy 0 --frag2_energy 0 --bondlength 1 5 --log_level debug --overlap A1 frag1 3_A A frag2 1_A --overlap A1 frag1 3_B A frag2 1_B --overlap A1 frag1 2_B A frag2 1_B --orbitalenergy A1 frag1 3_A --orbitalenergy A1 frag2 1_A --population frag1 HOMO --population frag2 HOMO --population A1 frag1 3_A --population A frag2 1_A --fragment1_EXTRA /net/sys/pscst001/export/tc/sle337/bin/PyFrag/example/PyFrag2025/Methane/fragment1_EXTRA --fragment2_EXTRA /net/sys/pscst001/export/tc/sle337/bin/PyFrag/example/PyFrag2025/Methane/fragment2_EXTRA --complex_EXTRA /net/sys/pscst001/export/tc/sle337/bin/PyFrag/example/PyFrag2025/Methane/complex_EXTRA --adfinputfile /net/sys/pscst001/export/tc/sle337/bin/PyFrag/example/PyFrag2025/Methane/adfinputfile
Running PyFrag backend: adf_new (adf_new)
Job directory: /scistor/tc/sle337/bin/PyFrag/example/PyFrag2025/Methane
Input file: new_ams_methane.in
RESTART: Moving /net/sys/pscst001/export/tc/sle337/bin/PyFrag/example/PyFrag2025/Methane/methane to /net/sys/pscst001/export/tc/sle337/bin/PyFrag/example/PyFrag2025/Methane/methane.res and restarting from it
PLAMS working folder: /net/sys/pscst001/export/tc/sle337/bin/PyFrag/example/PyFrag2025/Methane/methane
